m100_DemoSerial/build/outputs/logs/manifest-merger-debug-report.txt
-- Merging decision tree log ---
manifest
ADDED from src\main\AndroidManifest.xml:2:1-44:12
	package
		ADDED from src\main\AndroidManifest.xml:3:5-42
		INJECTED from src\main\AndroidManifest.xml
		INJECTED from src\main\AndroidManifest.xml
	android:versionName
		ADDED from src\main\AndroidManifest.xml:5:5-30
		INJECTED from src\main\AndroidManifest.xml
		INJECTED from src\main\AndroidManifest.xml
	android:versionCode
		ADDED from src\main\AndroidManifest.xml:4:5-28
		INJECTED from src\main\AndroidManifest.xml
		INJECTED from src\main\AndroidManifest.xml
	xmlns:android
		ADDED from src\main\AndroidManifest.xml:2:11-69
uses-sdk
ADDED from src\main\AndroidManifest.xml:7:5-9:41
	android:targetSdkVersion
		ADDED from src\main\AndroidManifest.xml:9:9-38
		INJECTED from src\main\AndroidManifest.xml
		INJECTED from src\main\AndroidManifest.xml
	android:minSdkVersion
		ADDED from src\main\AndroidManifest.xml:8:9-34
		INJECTED from src\main\AndroidManifest.xml
		INJECTED from src\main\AndroidManifest.xml
uses-permission#android.permission.WRITE_EXTERNAL_STORAGE
ADDED from src\main\AndroidManifest.xml:10:2-78
	android:name
		ADDED from src\main\AndroidManifest.xml:10:19-75
uses-permission#android.permission.READ_LOGS
ADDED from src\main\AndroidManifest.xml:11:5-68
	android:name
		ADDED from src\main\AndroidManifest.xml:11:22-65
uses-permission#android.hardware.usb.host
ADDED from src\main\AndroidManifest.xml:12:2-62
	android:name
		ADDED from src\main\AndroidManifest.xml:12:19-59
uses-permission#android.hardware.usb.accessory
ADDED from src\main\AndroidManifest.xml:13:2-67
	android:name
		ADDED from src\main\AndroidManifest.xml:13:19-64
uses-permission#android.permission.BLUETOOTH
ADDED from src\main\AndroidManifest.xml:14:2-65
	android:name
		ADDED from src\main\AndroidManifest.xml:14:19-62
uses-permission#android.permission.BLUETOOTH_ADMIN
ADDED from src\main\AndroidManifest.xml:15:5-74
	android:name
		ADDED from src\main\AndroidManifest.xml:15:22-71
uses-permission#android.permission.READ_CONTACTS
ADDED from src\main\AndroidManifest.xml:16:5-72
	android:name
		ADDED from src\main\AndroidManifest.xml:16:22-69
uses-permission#android.permission.INTERNET
ADDED from src\main\AndroidManifest.xml:17:5-67
	android:name
		ADDED from src\main\AndroidManifest.xml:17:22-64
uses-permission#android.permission.ACCESS_WIFI_STATE
ADDED from src\main\AndroidManifest.xml:18:5-76
	android:name
		ADDED from src\main\AndroidManifest.xml:18:22-73
uses-permission#android.permission.ACCESS_NETWORK_STATE
ADDED from src\main\AndroidManifest.xml:19:5-78
	android:name
		ADDED from src\main\AndroidManifest.xml:19:22-76
uses-permission#android.permission.RESTART_PACKAGES
ADDED from src\main\AndroidManifest.xml:21:2-88
	android:name
		ADDED from src\main\AndroidManifest.xml:21:19-69
application
ADDED from src\main\AndroidManifest.xml:22:5-42:19
	android:label
		ADDED from src\main\AndroidManifest.xml:25:9-41
	android:allowBackup
		ADDED from src\main\AndroidManifest.xml:23:9-35
	android:icon
		ADDED from src\main\AndroidManifest.xml:24:9-38
	android:theme
		ADDED from src\main\AndroidManifest.xml:27:9-40
activity#com.example.m100_demoserial.MainActivity
ADDED from src\main\AndroidManifest.xml:28:9-36:20
	android:label
		ADDED from src\main\AndroidManifest.xml:30:13-45
	android:name
		ADDED from src\main\AndroidManifest.xml:29:13-68
intent-filter#android.intent.action.MAIN+android.intent.category.LAUNCHER
ADDED from src\main\AndroidManifest.xml:31:13-35:29
action#android.intent.action.MAIN
ADDED from src\main\AndroidManifest.xml:32:17-69
	android:name
		ADDED from src\main\AndroidManifest.xml:32:25-66
category#android.intent.category.LAUNCHER
ADDED from src\main\AndroidManifest.xml:34:17-77
	android:name
		ADDED from src\main\AndroidManifest.xml:34:27-74
activity#com.example.m100_demoserial.Control
ADDED from src\main\AndroidManifest.xml:37:9-72
	android:name
		ADDED from src\main\AndroidManifest.xml:37:19-69
activity#com.example.m100_demoserial.ReadMagCard
ADDED from src\main\AndroidManifest.xml:38:9-76
	android:name
		ADDED from src\main\AndroidManifest.xml:38:19-73
activity#com.example.m100_demoserial.ICCardContact
ADDED from src\main\AndroidManifest.xml:39:9-78
	android:name
		ADDED from src\main\AndroidManifest.xml:39:19-75
activity#com.example.m100_demoserial.ICCardNonContact
ADDED from src\main\AndroidManifest.xml:40:9-81
	android:name
		ADDED from src\main\AndroidManifest.xml:40:19-78
activity#com.example.m100_demoserial.D15693
ADDED from src\main\AndroidManifest.xml:41:9-71
	android:name
		ADDED from src\main\AndroidManifest.xml:41:19-68